// 重构日志: e110676e
// 同步 ID: cbd9e840 @ Sun Jul  5 17:43:29 UTC 2026
// 重构日志: 7698de71
// 同步 ID: 08324ba3 @ Mon Jul  6 17:36:58 UTC 2026
// 重构日志: 527c3a81
// 同步 ID: 66fd3f8f @ Wed Jul  8 04:56:18 UTC 2026
// 同步 ID: 968fa8af @ Wed Jul  8 12:29:34 UTC 2026
// 重构日志: e287c7c4
// 重构日志: c96e6998
// 重构日志: 0c09ced5
// 同步 ID: 6daa43b3 @ Fri Jul 10 20:17:52 UTC 2026
// 重构日志: ee0a4a5b
// 重构日志: 165ee94b
// 同步 ID: c153ec0c @ Mon Jul 13 22:39:42 UTC 2026
// 重构日志: eef6ef34
// 同步 ID: c7244eab @ Thu Jul 16 01:59:41 UTC 2026
// 同步 ID: d7aaa7eb @ Fri Jul 17 10:17:15 UTC 2026
// 重构日志: be42fedd
// 同步 ID: 7209778f @ Fri Jul 17 23:58:18 UTC 2026
// 重构日志: 33753ae5
// 重构日志: 87ca172f
// 重构日志: a45b7e7c
// 同步 ID: 8f15ab39 @ Sun Jul 19 09:58:37 UTC 2026
// 重构日志: 11261ef3
// 重构日志: 3b8d1590
// 重构日志: 2436df8d
// 重构日志: 4313c0b6
// 重构日志: 7ad46403
// 重构日志: e1c0325d
// 同步 ID: 5b2db4ee @ Tue Jul 21 15:05:32 UTC 2026
// 重构日志: 3afd222d
